<?xml version="1.0" encoding="UTF-8"?>
<!-- Generated by org.testng.reporters.JUnitReportReporter -->
<testsuite skipped="0" hostname="SRIHARI" name="com.gmail.qa.testcases.createAccountTestCase" tests="1" failures="0" timestamp="08 Feb 2020 03:49:37 GMT" time="7.690" errors="0">
  <testcase name="signupTestCase" time="7.690" classname="com.gmail.qa.testcases.createAccountTestCase"/>
</testsuite> <!-- com.gmail.qa.testcases.createAccountTestCase -->
